[debug] [2021-05-20T09:55:58.598Z] ----------------------------------------------------------------------
[debug] [2021-05-20T09:55:58.601Z] Command:       C:\Program Files\nodejs\node.exe C:\Users\toqee\AppData\Roaming\npm\node_modules\firebase-tools\lib\bin\firebase.js deploy
[debug] [2021-05-20T09:55:58.601Z] CLI Version:   9.11.0
[debug] [2021-05-20T09:55:58.602Z] Platform:      win32
[debug] [2021-05-20T09:55:58.602Z] Node Version:  v14.16.0
[debug] [2021-05-20T09:55:58.603Z] Time:          Thu May 20 2021 14:55:58 GMT+0500 (Pakistan Standard Time)
[debug] [2021-05-20T09:55:58.603Z] ----------------------------------------------------------------------
[debug] 
[debug] [2021-05-20T09:55:58.613Z] > command requires scopes: ["email","openid","https://www.googleapis.com/auth/cloudplatformprojects.readonly","https://www.googleapis.com/auth/firebase","https://www.googleapis.com/auth/cloud-platform"]
[debug] [2021-05-20T09:55:58.614Z] > authorizing via signed-in user (toqeerzia123@gmail.com)
[debug] [2021-05-20T09:55:58.614Z] [iam] checking project my-project-1506498945772 for permissions ["firebase.projects.get","firebasehosting.sites.update","firebaserules.releases.create","firebaserules.releases.update","firebaserules.rulesets.create"]
[debug] [2021-05-20T09:55:58.617Z] > refreshing access token with scopes: ["email","https://www.googleapis.com/auth/cloud-platform","https://www.googleapis.com/auth/cloudplatformprojects.readonly","https://www.googleapis.com/auth/firebase","openid"]
[debug] [2021-05-20T09:55:58.617Z] >>> HTTP REQUEST POST https://www.googleapis.com/oauth2/v3/token  
 <request body omitted>
[debug] [2021-05-20T09:55:59.051Z] <<< HTTP RESPONSE 200 {"expires":"Mon, 01 Jan 1990 00:00:00 GMT","cache-control":"no-cache, no-store, max-age=0, must-revalidate","date":"Thu, 20 May 2021 09:55:58 GMT","pragma":"no-cache","content-type":"application/json; charset=utf-8","vary":"X-Origin, Referer, Origin,Accept-Encoding","server":"scaffolding on HTTPServer2","x-xss-protection":"0","x-frame-options":"SAMEORIGIN","x-content-type-options":"nosniff","alt-svc":"h3-29=\":443\"; ma=2592000,h3-T051=\":443\"; ma=2592000,h3-Q050=\":443\"; ma=2592000,h3-Q046=\":443\"; ma=2592000,h3-Q043=\":443\"; ma=2592000,quic=\":443\"; ma=2592000; v=\"46,43\"","accept-ranges":"none","transfer-encoding":"chunked"}
[debug] [2021-05-20T09:55:59.084Z] >>> HTTP REQUEST POST https://cloudresourcemanager.googleapis.com/v1/projects/my-project-1506498945772:testIamPermissions  
 {"permissions":["firebase.projects.get","firebasehosting.sites.update","firebaserules.releases.create","firebaserules.releases.update","firebaserules.rulesets.create"]}
[debug] [2021-05-20T09:56:00.512Z] <<< HTTP RESPONSE 200 {"content-type":"application/json; charset=UTF-8","vary":"X-Origin, Referer, Origin,Accept-Encoding","date":"Thu, 20 May 2021 09:55:59 GMT","server":"ESF","cache-control":"private","x-xss-protection":"0","x-frame-options":"SAMEORIGIN","x-content-type-options":"nosniff","server-timing":"gfet4t7; dur=1185","alt-svc":"h3-29=\":443\"; ma=2592000,h3-T051=\":443\"; ma=2592000,h3-Q050=\":443\"; ma=2592000,h3-Q046=\":443\"; ma=2592000,h3-Q043=\":443\"; ma=2592000,quic=\":443\"; ma=2592000; v=\"46,43\"","accept-ranges":"none","transfer-encoding":"chunked"}
[debug] [2021-05-20T09:56:00.518Z] > refreshing access token with scopes: []
[debug] [2021-05-20T09:56:00.518Z] >>> HTTP REQUEST POST https://www.googleapis.com/oauth2/v3/token  
 <request body omitted>
[debug] [2021-05-20T09:56:00.929Z] <<< HTTP RESPONSE 200 {"cache-control":"no-cache, no-store, max-age=0, must-revalidate","pragma":"no-cache","date":"Thu, 20 May 2021 09:56:00 GMT","expires":"Mon, 01 Jan 1990 00:00:00 GMT","content-type":"application/json; charset=utf-8","vary":"X-Origin, Referer, Origin,Accept-Encoding","server":"scaffolding on HTTPServer2","x-xss-protection":"0","x-frame-options":"SAMEORIGIN","x-content-type-options":"nosniff","alt-svc":"h3-29=\":443\"; ma=2592000,h3-T051=\":443\"; ma=2592000,h3-Q050=\":443\"; ma=2592000,h3-Q046=\":443\"; ma=2592000,h3-Q043=\":443\"; ma=2592000,quic=\":443\"; ma=2592000; v=\"46,43\"","accept-ranges":"none","transfer-encoding":"chunked"}
[debug] [2021-05-20T09:56:00.970Z] >>> [apiv2][query] GET https://firebase.googleapis.com/v1beta1/projects/my-project-1506498945772 [none]
[debug] [2021-05-20T09:56:01.465Z] <<< [apiv2][status] GET https://firebase.googleapis.com/v1beta1/projects/my-project-1506498945772 200
[debug] [2021-05-20T09:56:01.466Z] <<< [apiv2][body] GET https://firebase.googleapis.com/v1beta1/projects/my-project-1506498945772 {"projectId":"my-project-1506498945772","projectNumber":"1038583927894","displayName":"My Project","name":"projects/my-project-1506498945772","resources":{"hostingSite":"my-project-1506498945772","realtimeDatabaseInstance":"my-project-1506498945772","storageBucket":"my-project-1506498945772.appspot.com","locationId":"us-central"},"state":"ACTIVE"}
[info] 
[info] === Deploying to 'my-project-1506498945772'...
[info] 
[info] i  deploying storage, hosting 
[debug] [2021-05-20T09:56:01.479Z] > refreshing access token with scopes: ["email","https://www.googleapis.com/auth/cloud-platform","https://www.googleapis.com/auth/cloudplatformprojects.readonly","https://www.googleapis.com/auth/firebase","openid"]
[debug] [2021-05-20T09:56:01.480Z] >>> HTTP REQUEST POST https://www.googleapis.com/oauth2/v3/token  
 <request body omitted>
[debug] [2021-05-20T09:56:01.900Z] <<< HTTP RESPONSE 200 {"cache-control":"no-cache, no-store, max-age=0, must-revalidate","expires":"Mon, 01 Jan 1990 00:00:00 GMT","pragma":"no-cache","date":"Thu, 20 May 2021 09:56:01 GMT","content-type":"application/json; charset=utf-8","vary":"X-Origin, Referer, Origin,Accept-Encoding","server":"scaffolding on HTTPServer2","x-xss-protection":"0","x-frame-options":"SAMEORIGIN","x-content-type-options":"nosniff","alt-svc":"h3-29=\":443\"; ma=2592000,h3-T051=\":443\"; ma=2592000,h3-Q050=\":443\"; ma=2592000,h3-Q046=\":443\"; ma=2592000,h3-Q043=\":443\"; ma=2592000,quic=\":443\"; ma=2592000; v=\"46,43\"","accept-ranges":"none","transfer-encoding":"chunked"}
[debug] [2021-05-20T09:56:01.934Z] >>> HTTP REQUEST GET https://appengine.googleapis.com/v1/apps/my-project-1506498945772  
 
[debug] [2021-05-20T09:56:03.256Z] <<< HTTP RESPONSE 200 {"content-type":"application/json; charset=UTF-8","vary":"X-Origin, Referer, Origin,Accept-Encoding","date":"Thu, 20 May 2021 09:56:02 GMT","server":"ESF","cache-control":"private","x-xss-protection":"0","x-frame-options":"SAMEORIGIN","x-content-type-options":"nosniff","alt-svc":"h3-29=\":443\"; ma=2592000,h3-T051=\":443\"; ma=2592000,h3-Q050=\":443\"; ma=2592000,h3-Q046=\":443\"; ma=2592000,h3-Q043=\":443\"; ma=2592000,quic=\":443\"; ma=2592000; v=\"46,43\"","accept-ranges":"none","transfer-encoding":"chunked"}
[info] i  firebase.storage: checking n for compilation errors... 
[debug] [2021-05-20T09:56:03.263Z] >>> HTTP REQUEST POST https://firebaserules.googleapis.com/v1/projects/my-project-1506498945772:test  
 {"source":{"files":[{"name":"n","content":"rules_version = '2';\nservice firebase.storage {\n  match /b/{bucket}/o {\n    match /{allPaths=**} {\n      allow read, write: if request.auth!=null;\n    }\n  }\n}\n"}]}}
[debug] [2021-05-20T09:56:24.859Z] Error: connect ETIMEDOUT 172.217.19.170:443
    at TCPConnectWrap.afterConnect [as oncomplete] (net.js:1146:16)
[error] 
[error] Error: Server Error. connect ETIMEDOUT 172.217.19.170:443
